2017-08-07: cadd71d0757703a6d8ec4186a59aec2342206fbd115ed3b30e79cd64b7b385ee  ./inputbreach/100.txt	113M
2017-08-07: 927d5a5c539542e63afa2d4069c3be0adfca815bc1fb54bef01e8586143f33e9  ./inputbreach/101.txt	305M
2017-08-07: df7aab5b9c1db76ca4ed101170dc4a98bf9dc5dec7ca080ffa4a8f7f14758980  ./inputbreach/102.txt	96M
2017-08-07: 0b11afcbaacf190f42a43d3fcaa081d3de2f893a4fe8a30da6908b639d2e01cd  ./inputbreach/103.txt	101M
2017-08-07: a65465ec2021f6c2bcb64e6db62dedb352c855931d24ed26fa2464aa3cf62a27  ./inputbreach/104.txt	135M
2017-08-07: b3d47b685e949ec1eb384d49d05c811520da000b9bab6723e100ce360c21fb9e  ./inputbreach/105.txt	183M
2017-08-07: 4a329979b0bf0cd460eb4d9fab892e17a4e54c26cd90a2c7cf3cf8e0cf43cce2  ./inputbreach/106.txt	317M
2017-08-07: f1580372259ad8a571fc3717802488dd52f3bced149b5bb2324eecdf6404b8ee  ./inputbreach/107.txt	805M
2017-08-07: 0d0473cb7a656940195e2fc831a319b2fd8b3c366697c7b6037ce440d28f92af  ./inputbreach/108.txt	294M
2017-08-07: 4c1b4697a4909992012f60260ba5c63ff36824785add037512a1542ff6e222c6  ./inputbreach/109.txt	384M
2017-08-07: 40d6472fd083e0f6c1447fa42bbb3bc24b75be1839f539dfa96e442235ae394f  ./inputbreach/10.txt	105M
2017-08-07: 6b8dd76866afb86a25457af323cd911a5b654b02a3b949bd27f0c39c13912efb  ./inputbreach/110.txt	236M
2017-08-07: dc3d5f5a8f0c0db2ff008d7b408f07dc657fc3e49932d5aa103b7a299c04d03e  ./inputbreach/111.txt	243M
2017-08-07: fc2009d11f5ef56fa0e82f4a74d7897f9d5ec491274730cd465548deb8d6d982  ./inputbreach/11.txt	118M
2017-08-07: ce0cfb0daea894b238b1d81a966aaf014c34da8ec11aaddb06933735b1ef7072  ./inputbreach/12.txt	242M
2017-08-07: df911047588a0b3650d2e64c5ecbecc43b1ca3c5e7d4ab05b4a7f85232303c9f  ./inputbreach/13.txt	121M
2017-08-07: 5ea5a271332005e4c1eecfb20859daa709e3f797239a6c624f2a29fda04fe350  ./inputbreach/14.txt	282M
2017-08-07: 66c0b3541a3a5292635d3d0082d39faca6426824d9043afd45fee8e90fec0453  ./inputbreach/15.txt	107M
2017-08-07: e25aa63ae512db0a65b885da0d6784eb7e86eef3c2721e9e702ae28d0f113fad  ./inputbreach/16.txt	128M
2017-08-07: da497b7972506bc32f597908c90530a2c58772430b701e2fd595c10cc5f91ef7  ./inputbreach/17.txt	140M
2017-08-07: 0a457b76ebd0571c01696026dc1b8b33492654d0567e12b2ea5a236b19ad24f3  ./inputbreach/18.txt	112M
2017-08-07: 3763e54d9b489e991bf643988cfa099def6717cb5a5a69830860b2393ffe91fb  ./inputbreach/19.txt	207M
2017-08-07: 2296e6c78a511ff8f94145a47ac8094dd5b79517553a54168f188be301fd195e  ./inputbreach/1.txt	134M
2017-08-07: 6f5e51929bdf4d961031714f88c411ca93315d02ff942fe71875acefb0e4a1ca  ./inputbreach/20.txt	84M
2017-08-07: b75c11b55afdc7b862487946459cd06a72d2065c801c302df422387871acbca8  ./inputbreach/21.txt	123M
2017-08-07: c1f6d32d1f9c172fc2c88afc7127aa1c6882408ccbe93fe2ce7a54ec3fcb47ee  ./inputbreach/22.txt	110M
2017-08-07: ea2b41468bc13b6256cc6d54702247e9d417bb938a9bd2e980c7122532749913  ./inputbreach/23.txt	141M
2017-08-07: 36bad46b669b059eb3572e7710f1a9403b9356a54b65678cebab030580769464  ./inputbreach/25.txt	213M
2017-08-07: 2a2972607aeb799ed86654b0c623ba1db09c88b2080dc6074e10f02fc6379bfd  ./inputbreach/26.txt	110M
2017-08-07: 26246347edda83910f982605d75c399fc3af314623acd1925773c49fc3aec405  ./inputbreach/27.txt	201M
2017-08-07: 8b98cf17073b8f232fed2b87d5476808e4906be72536d2edd18b651f0e354c86  ./inputbreach/28.txt	243M
2017-08-07: 1db69e1f124fee41f1d8c961efd61385ae5e932fea0fb3f4df2bf0ff05710309  ./inputbreach/29.txt	360M
2017-08-07: 82de2380fddf51843ce0bb83dd77974f4fbdf872e01328fc6c98082b0bbfa776  ./inputbreach/2.txt	112M
2017-08-07: 054ba876bc3d6a727c75b3acacfdbdf28074591529317aa40d7119a6cdfc32fc  ./inputbreach/30.txt	223M
2017-08-07: b0f44fe80cd53433fc7335b51fd33798021d7c1bf63c735749be5bf5901d77bc  ./inputbreach/31.txt	145M
2017-08-07: 3a0456beb2acd03fa4025e21bf97dd8a2f4149c5511a5c5c03d07fbcdb58d3c2  ./inputbreach/32.txt	146M
2017-08-07: e3cbc1070d15ad7cda69d53e6bcc7b8b5f0e8ab2868a575f1114f1b99f5387f8  ./inputbreach/33.txt	139M
2017-08-07: 69e9089bfe32325a41bedb67842d2236dfac552542d5109aae7b72bbc4f4a759  ./inputbreach/34.txt	138M
2017-08-07: 7524c5a1f74f3236b0e0f4b3fda278a27e2ce514642a1812fec5f7e4d0b3a3f2  ./inputbreach/35.txt	142M
2017-08-07: 8526afa57eb452276285f343cbf728d1858dbcd3565767c72f9f7cc9535931ed  ./inputbreach/36.txt	125M
2017-08-07: ff1140f1ae443228e88b374902c3f0c85c5ce375b5ae2f5235b46414ef00d0da  ./inputbreach/37.txt	137M
2017-08-07: d67a94242231e9c58d9c2940362610cca27d460c9bae0037ade693bccf504320  ./inputbreach/38.txt	140M
2017-08-07: bf2dd6b86051be9a94590c4283b7c09a2ce0c954fcdd06301348ff422e2f4581  ./inputbreach/39.txt	140M
2017-08-07: 69f034a3fd18c4c62a39d61a218f68bd1cfaed1ce9e6eb3b9486e517c33bb565  ./inputbreach/3.txt	231M
2017-08-07: 0895548f67e5374b4f992a87f7793982d1d396a0dce724f9ab2dc029864bd4a8  ./inputbreach/40.txt	139M
2017-08-07: 36ebf18ee94fa1a52dec3c0846aedf9596600e96751f9c177bc3244050f8fcb8  ./inputbreach/41.txt	135M
2017-08-07: 6476775e95d56827d37cf810f886ffb35287dc489c5fa8ae1f180aa6e91e9942  ./inputbreach/42.txt	175M
2017-08-07: bc9e840a082aa1bda53072a1ab41c05fbfcf056278869da645de71c992608789  ./inputbreach/43.txt	157M
2017-08-07: b56a7aa2668200726bd1eba7c85b23d2f096df9a3ef2ffcc49ec5fa98d236f74  ./inputbreach/44.txt	53M
2017-08-07: 324d324c9e94b1a6d4fbed5e5800ffaa087af1ad22ea09797aec18fe98eb8b3c  ./inputbreach/45.txt	153M
2017-08-07: e86b9a1d556e49f4046f76a5e4f564351347c2fc60793a9016dc9e909fec3a30  ./inputbreach/46.txt	204M
2017-08-07: f0d1f7d406ed6660793dcb7598cb10eac19a7ce994688d7c28a3f4547e2390b2  ./inputbreach/47.txt	189M
2017-08-07: 87be105b008e3c83e47349cf45cbf89cea341dc99daabf612962570f2cce9962  ./inputbreach/48.txt	199M
2017-08-07: ee3cc419da3d03e793025e6918dd3768d27fb0fcd8ec317e7c23cd12a35cb28c  ./inputbreach/49.txt	117M
2017-08-07: dc6a3bca4413791555591aac817cad1444b91987a5be6b4781f9da574345d1a2  ./inputbreach/4.txt	287M
2017-08-07: 296ac7ad68a597924cba0870187fe50708cdb6eec3225f0e65e8e509ce77459d  ./inputbreach/50.txt	120M
2017-08-07: a2729ff14ce73d2440d0bfde9359ac9955f34605beb19c2aac728bccdc97f5b4  ./inputbreach/51.txt	177M
2017-08-07: 9c63f51f6712dfbacd94e3878e864b92c03d760653c7569829e107fb29c94ac8  ./inputbreach/52.txt	359M
2017-08-07: d2a7116b8653b5f945a6b430653277ff5e1b0a0d06e775f84b699562af9d9090  ./inputbreach/53.txt	359M
2017-08-07: 3e7bbc42adfa35ea2abc77fe572d76a15b7f0b44c97c1d3a76035c56ba402aa4  ./inputbreach/54.txt	201M
2017-08-07: f41fc12414101bef90d9b0de8233258feebc4cddce21b7d1e1331cbf7451dc79  ./inputbreach/55.txt	193M
2017-08-07: 66ac592be8dec22ba4b49fb1a24c0ae652ba61af8b0c4552df3aab4533666dab  ./inputbreach/56.txt	121M
2017-08-07: 3582010c6f2a4508fe66ea80cdffa143414819f6ed3e4d7098675ea2e5c9982a  ./inputbreach/57.txt	340M
2017-08-07: 17e8e2be4edef1338bcbd2ed4735ba2e3c975a4a14908e4873dcc1ebc096e4a7  ./inputbreach/58.txt	72M
2017-08-07: 0a132ea746bdf3eccc85fd19663c55a45c1255f7112d9022f00a5eaff0d99b72  ./inputbreach/59.txt	506M
2017-08-07: 73f8f72aa617212654b85a635a15817bd0f5bc98f35bba22bd42fdb5140a4a54  ./inputbreach/5.txt	114M
2017-08-07: aaefdce261464443db75c0fdf49c128fb1581b0287ec214a18232211972a3fba  ./inputbreach/60.txt	497M
2017-08-07: 30dfe90249bff73aba74a474d8a9cd3a6883bbdb3967a412b1a6fedea8b22a02  ./inputbreach/61.txt	52M
2017-08-07: 0a5c62095541a732f6f5715ad45d77ef3bfb4e862e9241386a669cf273d9b791  ./inputbreach/62.txt	5.0M
2017-08-07: 1e791ca5ebbb58dfbce4842d71be5785ab003ee31667495fd3436bdd4c4b4341  ./inputbreach/63.txt	476M
2017-08-07: 339df434e17f6c700f0f6adbe7d5d4e27e40b4566ce0bebe07c85d1c16043a61  ./inputbreach/64.txt	465M
2017-08-07: cfe954ffc1b439d516754d75f24a905f17bb721ef61a8db2beec0b7ccc4a8d06  ./inputbreach/65.txt	461M
2017-08-07: 747f208a4e39826c48f91260c27158417eba5c92dae00c4ceb5d269e4db920a5  ./inputbreach/66.txt	124M
2017-08-07: daa61ec1d591bfa913a487c446a767e5bd8e9240dffc1f0a068cb8790512c43b  ./inputbreach/67.txt	363M
2017-08-07: aa93cf832fbe1a8a93af6ee643ab003895b440577bd9e009a3a953273bcd5e05  ./inputbreach/68.txt	362M
2017-08-07: 5f098b79bdd8549db05f89974b6ce8309c0ee1ac856c5e92bd4e4029edeac7a4  ./inputbreach/69.txt	362M
2017-08-07: ff425bb8dd7ccc9619e6878652b8b36b894705e28ae6c31fe279688e1b5fb5c9  ./inputbreach/6.txt	360M
2017-08-07: 3e09e152c930463583fb97c210dbe4281cddd39a67e4eef5cf1cd1a65d3a18ec  ./inputbreach/70.txt	362M
2017-08-07: 7666b71bd3a23330abe2cb69f07beedb9dfbcd0fd5eb4d97eb9c0a8c90980fcc  ./inputbreach/71.txt	767M
2017-08-07: 3e452db74f344188c49ee8b12a8b4c4c616708421aa36f0b4442901418ce4391  ./inputbreach/72.txt	994M
2017-08-07: adb8f896399bd20ddd78280205ea3ab17b08c350e7ef9ec5f825811a3777c35a  ./inputbreach/73.txt	522M
2017-08-07: 6677fb75fc013137a729f252f77851d396c29e75b5002ad84151ff9ff88f24db  ./inputbreach/74.txt	109M
2017-08-07: a9cd415bff2950e54f709c992586eb8d46517f57f1bd22cae8eaec7361eaf6ee  ./inputbreach/75.txt	87M
2017-08-07: a3b13065d4c8ce9a6cc5715d7166612cffb8db6e821636da271d306c0b2eedfc  ./inputbreach/76.txt	104M
2017-08-07: 6043316cf81622cfdec2ad186b0a272638620fe7cc1f0c00a8ae58160dc4bcde  ./inputbreach/77.txt	316M
2017-08-07: 2ff69dde65d09232b795e595d77db430494d07306e0f18fb271b8647508aeb32  ./inputbreach/79.txt	312M
2017-08-07: 7fa17d2d97fdb11431456d34c9b4f6caaf2164e6b5f9ffaf18b30db127a2514d  ./inputbreach/7.txt	99M
2017-08-07: b4cdfcf2b2c5f9a270c20e1b32255f9cc9f106fe50bf6cad906683868df2635f  ./inputbreach/80.txt	138M
2017-08-07: 59ac59ce327489b5e73b0d3bb8db2caae6b3f1f6208caf49108285dfa12e4797  ./inputbreach/82.txt	92M
2017-08-07: 242373ee172de428d9a836eb4cce71b04d03132f2f57efe69d15843def6b4e07  ./inputbreach/83.txt	224M
2017-08-07: fd780388a104ed64fffc21dd7ed621ececb07af13617e9891aef8ab16fc45413  ./inputbreach/84.txt	120M
2017-08-07: d6f6073dbdea2b7313309e0b7016757478d7d947ba490da1491df9ce39751ffc  ./inputbreach/85.txt	115M
2017-08-07: a5756120d950feb01732e19f14100608c6fc6fd1edb47a4182a99007bec2b80e  ./inputbreach/87.txt	96M
2017-08-07: 153973c0351f8be83ec74aca5fcbffae49afe860759fffe050adcf3b4a482f11  ./inputbreach/88.txt	157M
2017-08-07: 1f44ea3832486bd60ed8c8be9b091499272f2cdbdbdce307fec7f6645e74be0f  ./inputbreach/89.txt	310M
2017-08-07: db37b3b0035cf2b8059480c771ef28edc42127bf9c4bf4a49f10d11a4dcbff41  ./inputbreach/8.txt	130M
2017-08-07: df3a6d8f251f2339cf980524169e0625e84c825b75a975b7998c19e1c8e2bbba  ./inputbreach/90.txt	162M
2017-08-07: 76acfdc922498007b75e15a6f425a39644e544214b786ec8b272e33da67adbfb  ./inputbreach/91.txt	139M
2017-08-07: 9c7e61460d1d3a219fee2371024cb3e79440945d2536a470ee50b92dcdaa887a  ./inputbreach/92.txt	450M
2017-08-07: 728111d7a7cdce22b694e28d72fe4cb943380665abdc887fbaabf411f52e96ae  ./inputbreach/94.txt	312M
2017-08-07: fec29722532d48b11ba8db1f1e73fbd812ea08236699a2c6c82f793193472d04  ./inputbreach/95.txt	309M
2017-08-07: 7e79444b2afbd161d5b004ff7efe822f4451634a5a734fab173d206e22e062c9  ./inputbreach/97.txt	67M
2017-08-07: c8d49bb587c8fbf595a0ee3c67d95f668272484b4039a49b3ff711a9fa6fd90f  ./inputbreach/98.txt	311M
2017-08-07: e0a0572c927fc802a16acb46c66ddb34c251a0b84d1b59d08bee91d0c80d70c7  ./inputbreach/99.txt	391M
2017-08-07: 155c647bf082056a4672644abc01eb1222bb1ec0a797e2073fae0cc47a1d1ada  ./inputbreach/9.txt	256M
2017-08-07: 946e380aed3e10dbba28958a7f044697a8180eb7545be68a0f18af9de0726cb5  ./inputbreach/24.txt	200M
2017-08-07: 44bd95af91c45e61022be5d0eb973f2402feb9af3325c6bbbb9c91b980ab80bd  ./inputbreach/78.txt	127M
2017-08-07: 368a2ef50eed982df80ee1a551753205374595add808cabdae1e589064157384  ./inputbreach/81.txt	305M
2017-08-07: cd7d5582bb5e2cce4bf17ebcf24d1b8c342823497b0f5fb2532d2a683c3922e9  ./inputbreach/86.txt	106M
2017-08-07: 876ca3b6cf0cd368d758aeb9f3e3aec873b9521158cf74ad912c3bab900315f8  ./inputbreach/93.txt	384M
2017-08-07: 4e53e398388d07b93cbef44942248c932472c14fc2fefab02ff9ef8b3046538c  ./inputbreach/96.txt	131M
2017-08-08: 36a9ebe23faa585252b2d5466f087fca100475f0788236767061c0619a54a9aa  ./inputbreach/10.txt	2.0G
2017-08-08: 329b751a6855501fd22bbe91ef698cbe6638a1d0ac8a3db1b0b4c391163242a4  ./inputbreach/1.txt	967M
2017-08-08: 696399012db903e88dec5483b0f895ca861c77f2c3397462f671ec50e5113d78  ./inputbreach/2.txt	2.0G
2017-08-08: 3a132cb3504f9740d02afa8929bda223efa61d3a2d48e361846f272432774676  ./inputbreach/3.txt	2.0G
2017-08-08: 8d6988abe5d6ca06d67638e0a300744a22bfa204ab3a6d7dcb8e23743256ae27  ./inputbreach/4.txt	343M
2017-08-08: a5777de55237e131b1753e6821a750958d9276c74829757ada859ef6dee7d3b7  ./inputbreach/5.txt	2.0G
2017-08-08: f03481672b35b15587b280134a95b460170d7a50257f5e5d905efb67d9d533ef  ./inputbreach/6.txt	2.0G
2017-08-08: 712781e5ab96867b881510f770fb04e6f048843bdcdccb9d3a5c0138da17d017  ./inputbreach/7.txt	2.0G
2017-08-08: c4dd9ef00dbe8c3c20bfd5e4162670594247a535e40b445be625d676416f43ac  ./inputbreach/8.txt	2.0G
2017-08-08: 327bfaca027c804219667d552dfc9acf0713eb0a24a781750182e02446572322  ./inputbreach/9.txt	2.0G
2017-08-08: 2a446bbea2ecfbb41641086b5e4631fbae01e633bcb8f7df818448e57ba451f8  ./inputbreach/VK_100M_EMAILpass.txt	2.8G
2017-08-08: 2d12da2a2651905bf797a034a7f97b1fbfe63ae4806c1cdd201cf5ac730ef25e  ./inputbreach/1000000yandex.txt	39M
2017-08-08: c691d3618ccd93a7536e1224cbe6e70d2e9a9dbf5c3616e1c02b5cc6bd5919a4  ./inputbreach/100k_20.txt	3.2M
2017-08-08: fa462a2dcc48f1b344ae5005c0e6b88c51fcd33ef48900dbbb3705d22caf9a65  ./inputbreach/100k_email_fb_filtered_.txt	104K
2017-08-08: efec88fd3ea7a140ba97d94b97abbd42cb63951fe61be060861c3656ab7084cd  ./inputbreach/100kE-Mail-PassHQCombos.txt	3.3M
2017-08-08: f671e8937385346f20bb9355bf13b5158fa52ebb63470943bd01a4b392740f7c  ./inputbreach/100kInvisionfreeaccounts_filtered_.txt	3.2M
2017-08-08: 090035ec13b5c93691ae74dbabea3e1337128ede5941ef58e8fbc997357ba048  ./inputbreach/10K_Email_pass.txt	320K
2017-08-08: bbccfff5cd93223d29f104a2fe1b9787e8a1d540a7da4c74091d1e0bc1c04903  ./inputbreach/120K_Combo_List_Steam__PSN.txt	3.5M
2017-08-08: 1669ae789a74705f2e8ad7a760257c40a63c94f4c46005c13a8e8f60b72dae44  ./inputbreach/1394store.com_filtered_.txt	632K
2017-08-08: 7fab69b4c6d57ea96bc4aeb53dc68085e5b84b9e861714b884963f9232c8202e  ./inputbreach/16k+gpguildemail&pass.txt	500K
2017-08-08: 545840287811619a8ed0e9b6f5fac028a100535f6e36c412edb849f202c8b3ec  ./inputbreach/20k.txt	624K
2017-08-08: 5cf46414b40f6ca43d20355e0693a2c9823591a8455320b1e0d3c5703c77f316  ./inputbreach/26k.txt	848K
2017-08-08: 259f5d27ed3ac49a91e6814795265e48aadd8e321c8019066af36915627872b6  ./inputbreach/2K_fr.txt	56K
2017-08-08: fadc5eb5897cf27f37b680143e1884f1ca89652bd964280ac7bfe20af6ed545e  ./inputbreach/310KBuxp.txt	9.9M
2017-08-08: 75d7c35f6e53c78bbd6dc214737e7fa23c9242ac00af24a2d2ab0d99a9738803  ./inputbreach/4000000Mail.ru1.txt	107M
2017-08-08: 5a1a902daff2588c4c98ca2b95cd54ff24ade839af0c2a4ecac64f37d2cb5aec  ./inputbreach/4000000Mail.ru.txt	134M
2017-08-08: bfe3fd00992f2b07aa7ecdb953444149f5e1e420a2c097e268d44102a933f6d9  ./inputbreach/4privatedbs_filtered_.txt	3.0M
2017-08-08: d1fe8a6bc99be5026ced72c77c685c307e99f99b09fb6756caded0b88740a205  ./inputbreach/5000000Gmail1.txt	28M
2017-08-08: 567ff57acb8cf1394147428791bcb2d16b2a3034787157040b051a91662d3082  ./inputbreach/5000000Gmail.txt	152M
2017-08-08: c352d6bb197c28cfb19f016ff5d3e86a2f0a41b38d75ba9fe98a07719f283541  ./inputbreach/5264emailpass.txt	168K
2017-08-08: 8392e02a4638f5f72bb67ef58737f613ab0903aa674d7e828e9ba9328a97c881  ./inputbreach/650KDESHOP.txt	20M
2017-08-08: 8a4e41a5d53aa1739c4eecb45aa9daf69216a505e548005de8a446fde780df1b  ./inputbreach/66kEmailPass.txt	2.1M
2017-08-09: b04bf4eaf5d5550967f4bb4a2337cc48045f7b385e946a2e556d4d6f232bf925  ./inputbreach/badoo8kk.txt	252M
2017-08-09: 4878bda0a6e482c925b0f806d819b9515fe6d7ae4be52604ee6d3c8c6725f815  ./inputbreach/BitcoinSec_Forum_2014.txt	323M
2017-08-09: a9690a3de3b6725ff3650d44f5aa524169b5bd95fba0f719c74bafaca203987c  ./inputbreach/CrackingForum.txt	15M
2017-08-09: 0a80fd2e395e09f65c489116e78067cb62f9cfa7a218d99f4ce18c7f94cd36b0  ./inputbreach/CsgoDatabase_filtered_.txt	256K
2017-08-09: d31cb8e8a5a256d5bd3737cdf867ac2366d24aa7a8d638c5c0be8318794ab93f  ./inputbreach/FJDB_filtered_.txt	12K
2017-08-09: 8708b06138c1ff3fdbcdb1b59f900cf6975eeb8e3296b39a61e86e82dbaf4e5f  ./inputbreach/FreshEmailDataBase.txt	76K
2017-08-09: 95c6e73accd9cb31a1f0cfb77adc1b7c7e4d721da10920a1ce9a8b694741ccb4  ./inputbreach/gmail-5mil-passwords2.txt	141M
2017-08-09: 8b6d9f5f04497932c864b1d5783d154063dc46920c20437d576a332e4965b704  ./inputbreach/GmailDB_filtered_.txt	3.8M
2017-08-09: 1b3479c83015c91f6e2049a157aa0e3ec2205d9e20616b75d13614d15c3ff206  ./inputbreach/Hostinger_filtered_.txt	31M
2017-08-09: 0aa3d5c7cdcea2348bd4f8b2af9160bca6bad44ccc6e52cc4724160300633108  ./inputbreach/IChatAsia_filtered_.txt	292K
2017-08-09: 48da7b144572b3084c927cf94512a819ddf31b25612debbfe4d38685d4fd21d6  ./inputbreach/linkedin_cracked.txt	1.1G
2017-08-09: 76d95f2b757ec9428f949f43f9d229baf7370165f7a1c62646dd5782289d191d  ./inputbreach/List.txt	3.0M
2017-08-09: 00e027c0ffd261a7d979cf7c2ad4a234e5c90f7df26dd8952f3d8ec25f34d0e5  ./inputbreach/Mail.ru_filtered_.txt	376K
2017-08-09: aab3f437c856c7e570a21577badf09cdd3aa3977140fa858e4562c064d45ea72  ./inputbreach/Misc_filtered_.txt	396K
2017-08-09: a4cc641430dd3528f2e70a4ec3d5484ea803ed23a6e65105c5b7b8333cd6dd09  ./inputbreach/rez-private-09-07-1622.04.10.txt	1.9M
2017-08-09: a533fe835e91c4f5ba8a89e25dea82f75132e4eb40d0c9640d1e7353ea42883f  ./inputbreach/Rskingdom_filtered_.txt	40K
2017-08-09: 5d47fb2e65a21f06e58c406fcd2353ba834f43f043f25b0dcb03c05fd0eecc0c  ./inputbreach/RuneMarket.lt_filtered_.txt	40K
2017-08-09: 839f882e5b56714e81257f2556fa44765db84f5d1eb7fdb7a1aafafda5a9b6ea  ./inputbreach/SomeZybezAccounts_filtered_.txt	12K
2017-08-09: 1482026ae43ad6b1cecf9b45e2970619fa61a096a3e2eb96586241376088c3c0  ./inputbreach/Sony_Pictures_International_BEAUTY_USERS_filtered_.txt	636K
2017-08-09: 75b546953f9bd403272e85490338ae2474d605b3569d28587fc7b959ecac371f  ./inputbreach/Sony_Pictures_International_DELBOCA_USERS_filtered_.txt	540K
2017-08-09: ee95db145d4404d2c91af8b1e717e54d80de03f75fa6801f4e585f2cd14fe510  ./inputbreach/ugeDatabaseLeakWithUsername,Passwords&Emails_filtered_.txt	32K
2017-08-09: adc9e8f59f8b8a5171eea867380af8a63506f0b008184513f9db48ef2e9bb940  ./inputbreach/Yahoo.txt	178M
2017-08-09: 00e2fb3419613c685b32334b85f3948be7c65fd34a8b44e33d7f2fa114d5ff7a  ./inputbreach/0372362.fixed	296K
2017-08-09: 0eeb3a19eb1661832bed01f8b809528a2aa00b2b936c5c8751ac1b0c4fcfe274  ./inputbreach/1fBDjCaL.fixed	8.0K
2017-08-09: ab574e1d3d488fa8a8bfd481e43edee8234e2cf84b284996f3b77c484e30cb50  ./inputbreach/4toeB.fixed	48K
2017-08-09: c208f4fb4947c0bb9a2bfc966ec04f05ee5e59c396dcce6c7ba0baad1e078bc8  ./inputbreach/7XMnybYJ.fixed	16K
2017-08-09: 1c08bac0ab5c819f3a6fe8afb8ff50c2810b367ed9acb64a3301bb5eeb0a7f5e  ./inputbreach/94FafxF4.1.fixed	12K
2017-08-09: 8ad531f8c45be72b1f3bbac33f4fefb95b45545767edc84d78031cb09212bf63  ./inputbreach/9v3DxvHM.fixed	4.0K
2017-08-09: 4cf5ac412c5c584e666e8c60b6dc167fdbb48adeaf5efebf2ebddfb703111e16  ./inputbreach/aMapJAAA.fixed	252K
2017-08-09: 9c4d5cf6556ceb0b61bf6905dd9f8a4a21effa9b9fa70c8b81f02f74cc92a5b7  ./inputbreach/AuGB3gWh.fixed	56K
2017-08-09: 6861aa07353b279bf8c372efaeca9fc632cfbf1fce1988a277812713f4e3f19a  ./inputbreach/b42UdyV8.fixed	12K
2017-08-09: 446227f9fa25e09769a7e60100d3052c71a286b78ae103f75b945656b9937e3a  ./inputbreach/c9nRKSsL_fixed	84K
2017-08-09: 9bd239f888ca5d5ed404c0a1c953a8ca2866981c0c5ad808b9b0ddc7fa2afe18  ./inputbreach/CWC4kkLn.fixed	20K
2017-08-09: e6903cb12d3bdcd5b0df6bfedec9bf9205f9fd5cb09488db36920dc7eafec20e  ./inputbreach/FMyhpSpk.fixed	20K
2017-08-09: 3409a7976c2075542d89f50e73d01b760d7fbb9491686240a93e6bf8e91430d8  ./inputbreach/gphQvvnV.fixed	16K
2017-08-09: 18f016ac77160b7f8f8ee05b2c8b7b047c575c2dcfc5346ab7cc782d27f91adb  ./inputbreach/h7gxgdwN.fixed	80K
2017-08-09: 3f484146f69be13767f8c465aeb18410ddd51184abc1df6e6ec7061483214ec3  ./inputbreach/JCpJnbfr.fixed	12K
2017-08-09: f05fb512a2140253308dd85d4c67af5251a64c051c1e13fd86b9035c96f7276c  ./inputbreach/JRp6a91y.fixed	8.0K
2017-08-09: 7e31f493ff8a41a5af778c73de39790114678d340c2a840a06622db90af4bba4  ./inputbreach/k0NAHXZy.1.fixed	4.0K
2017-08-09: 016389184050aa89b5e9fff08dea4d0719311985f5c4a7b43b38bdd8b946919f  ./inputbreach/KhsYdhw6.fixed	12K
2017-08-09: 84e2a2ac4820a9ef0c4df9d9b51b92cfc839edd521eda002c7cda07952583f48  ./inputbreach/OpIsrael.fixed	64K
2017-08-09: 0f177f60046fa9472403d747ceae2abc1567f92461d9701348ff5cd0d1336eb5  ./inputbreach/P4wE7dBN.fixed	36K
2017-08-09: c7ae45dc9afeaa085fda1141449d197e379ccdb51169232e6bfdef741f2c7713  ./inputbreach/PmR9ueqB.fixed	12K
2017-08-09: 0284018eefb10f14b9bfe2599a5f0d4eba190c9b5af3335a0d26bc2ccc7551c9  ./inputbreach/QjQgtiae.fixed	16K
2017-08-09: 57bad1e71f145c0af034411eb8f2737f95f5d52d7d2197cdf41cd0e1c6a1fd10  ./inputbreach/t0BhdE8j.fixed	16K
2017-08-09: 1c152ccc220717944b489452bcd2ba7dda6609f54875a90561624683069c1404  ./inputbreach/UeFCMK86.fixed	44K
2017-08-09: fe9293a19a20194ec4a8622d8f8f00d0a9b7685f957e52832dc875d5ed6d9011  ./inputbreach/V1vx6jeH.fixed	8.0K
2017-08-09: 7d671f0cd15a3b6c3be841c6a492fbe91acafa762594d59010c3eb33f5445201  ./inputbreach/weG8ditu.fixed	4.0K
2017-08-09: 171958ee03cd78cbf441ee43f5522af1146aa29550b58b25e7c95a2642f11035  ./inputbreach/WY8L10Km.fixed	4.0K
2017-08-09: 74265d113f487262e2e94dd6fcc9d5a77d407b05ab5ec586604a6288eab2335f  ./inputbreach/X0JBfp13_fixed	40K
2017-08-09: eca075b0e982de239cfb903d30af781b376a0d945e444c9fa6c2d4733b4e4d31  ./inputbreach/xe4Dg3ZQ.fixed	56K
2017-08-09: bd7882fa955adc30d3bc3196ec218943df1668d71e4f38ab7d1c5e4a8fe68e10  ./inputbreach/100kHQCombo.txt	3.2M
2017-08-09: 17bd0b40382e28db6401332554a7153027e986c8ca29d4272370f4c39771e598  ./inputbreach/2.5Memailcombolist.txt	75M
2017-08-09: d4a0359bdb8b5f65119a6d1561c0d636ca64e19ffa9371ad797bd7086ee3927b  ./inputbreach/330k.txt	11M
2017-08-09: ab11e98ec937160da094cfb5211dad4b75a73727f0dfaad29410462fa4244f1c  ./inputbreach/500k+ComboList[Netflix,Paypal.Origin.Amazon].txt	3.1M
2017-08-09: 74be21c25cfa46e6ba82c5cd04dc64b03937deb554c61843dbbd80d92df3186f  ./inputbreach/accounts.txt	9.9M
2017-08-09: 52548fdf7cc735bf1bdad8b3448ccef864b60e384e63eaa59c4d7f8a30d71a43  ./inputbreach/FRESHOVER1,2+M.txt	40M
2017-08-09: f7c1579e5fe77dfc4c92264727c99e969a923e815d1793d3e6d0e6d17a8cbb19  ./inputbreach/gmail.com	23M
2017-10-02: 52f640e95015bb060eb075fe2ac88776395e2e38cd13972ad251f3d81ae89296  ./inputbreach/000webhost_13mil_plain_Oct_2015_filtered.txt	484M
2017-10-02: 2852052b0636cb590eb00b6d6808e0c1a4660b9473931e59b92b212d2a825d0e  ./inputbreach/surgeryu.com-641009_surgeryu.users_30.10.2016.txt	36K
2017-11-08: ea499b03d11cb000c97cc6d19c55c48e0dded56e59f41a2fcf80d2c4239cb950  ./inputbreach/10workingminecraftaccounts.txt	4.0K
2017-11-08: 27426d4e35547a54514a404a5c18bbfb8e05e44d42bb7c5fe8767d4f41ee517a  ./inputbreach/1394store.com_LEAKED_DATABASE_filtered.txt	612K
2017-11-08: d4014c9281d74f2b3853fc2398a8fbf6ccd447919d3a0d44e1287a20e5e1f415  ./inputbreach/36kmember_filtered	1.1M
2017-11-08: 5a5f58c957935642422255abd9e26b318f921f47b4093d2eaf8f57ff44c6ae22  ./inputbreach/7k7k	201M
2017-11-08: 56e2fa4a0708b83b3bd9506e31ea698e3ad1f37065a34661f7c8819d1617e087  ./inputbreach/99fame.com_filtered.txt	36K
2017-11-08: 716e7b552c9cc14f90b6cf74067a9adc5faa6144288be0688dd262b98e201ad6  ./inputbreach/Alancristea.txt	8.0K
2017-11-08: 5fb0135d6a98a54c61fa08341960bbc943601a3c9cfb0372b1185bc9557b632a  ./inputbreach/Balancek.txt	168K
2017-11-08: bdc490aabd0c10ea711b67b0a4b9038723ebd89eec5c3ac2346bc21b2bb0c4f8  ./inputbreach/Barbelith_Users_credentials_filtered	208K
2017-11-08: cfd492442dc17b2587436383b1bf8bcb780b3112106b958979995735d656be07  ./inputbreach/BitcoinLixter_filtered.txt	92K
2017-11-08: 4f50ace9bfa563f50bf2c14e799e6cb1ac0ab46a2c29e093657a2afafda27226  ./inputbreach/CSGameServs.Com.txt	504K
2017-11-08: 44d94d26841ccceb6d0ee03d4863b6e6079fce4d18ac389b416e29d72367cc53  ./inputbreach/DBDBDB_filtered	760K
2017-11-08: f62e7922a1b71f26ebd6176748e3f6bdb9bf7a10dee5bca587915d08c2bd72fd  ./inputbreach/Delicious_Takoyaki_filtered.txt	2.8M
2017-11-08: 833b2b89425399187a064a4d3d439c5c702a5c2faba057d8bfaee56943bc916e  ./inputbreach/Fling_filtered	1.3G
2017-11-08: f149ebd26038acc1e892d45fda51806f36e18143ac694648a9d65a66961b52c4  ./inputbreach/LulzSecDelivers_filtered.txt	760K
2017-11-08: e2611cf0657b29476a306dd571180dd947be6c3df086bd243456920ff2ddf068  ./inputbreach/RuneScape2k15_filtered	2.8M
2017-11-08: cf83b090996e37fcdb1861b1f2f98dccbdcca7a729885beba561e976809af460  ./inputbreach/WEBS_filtered	328K
2017-11-08: b75a42d0dc01c1a9a839a179b8d05867f0624195b69dd58480bfad14e592e581  ./inputbreach/myspace.sorted1	1.1G
2017-11-08: 495d7bc8ab6d49cb298cd031cbac9fe82d959f5e3503a8781371b91683434349  ./inputbreach/myspace.sorted10	1.1G
2017-11-08: b5536c830b3171ec7e1041eba4a4064ee9a4fc6daa3d9982761f14ad17532242  ./inputbreach/myspace.sorted2	1.1G
2017-11-08: ec8b6c21b2dc1657f205b111675de9d61913f20c786ec1059ae2607cf559361a  ./inputbreach/myspace.sorted3	1.1G
2017-11-08: ef67ecc976b4248c2ab941757c6a45fec324d0788300ccddb6eae1b87bcc9899  ./inputbreach/myspace.sorted4	1.1G
2017-11-08: 5fe59f766c61a4583546771871fa7c2c49ac671b64ca4fc89102f85522ace4aa  ./inputbreach/myspace.sorted5	1.1G
2017-11-08: fb8bbbfc625860852f9daac0f6667c3391414a0475aa9037f9b05c6bcb0e9261  ./inputbreach/myspace.sorted6	1.1G
2017-11-08: dc23bd7a1f70b7352d15518d68c095a27d4c4524fa36a3031155d5eed11de8fa  ./inputbreach/myspace.sorted7	1.1G
2017-11-08: b8c9de47be886e584ee74b0d9c1dd00a8ca59e423faeed02c16a8ea8012abc42  ./inputbreach/myspace.sorted8	1.1G
2017-11-08: 5a7b01a4e58a8366c29544b61d0e8cd16e98f0bbee49d535ce9a121850984710  ./inputbreach/myspace.sorted9	1.1G
2017-11-08: 0399b86ace44f91608c6499790c8a01ffd43260f61b2801cf80cbad3b32f0283  ./inputbreach/plaintxt_yahoo_voices_filtered.txt	14M
2017-11-08: 821563b9b5b9ca21554ad89c3bc46b24764ac80f6e931e30ce7d5b8db47e8d2a  ./inputbreach/redbox_filtered.txt	7.4M
2017-11-08: e738e61b66731c98c865849cbbc9e0d01abe55c418a9230f5b5c94139396e0b7  ./inputbreach/twiter_filtered	1.1G
2017-11-08: 8440cfff337f753cc9a7aa1b9503e1059d6ded8263801929e6f93aa823197a65  ./inputbreach/youporn_filtered	45M
2017-11-09: 0c0daf85728a36601f20fee06da376e93d411d932540e9944df3bcf9cf0b3402  ./inputbreach/badoo.sorted1	896M
2017-11-09: 8f77ce122d8df9de1cb05d9ef9aa1e6b22727b6f763a95fbec179a00396678f0  ./inputbreach/badoo.sorted2	896M
2017-11-09: f1ece7b51a01e71f7d6d4a6d8093978882d03b2e0e7fa407981b8491843c7075  ./inputbreach/badoo.sorted3	896M
2017-11-09: 8d35ade99d5ca947f15a2116f0b270a7545e5d0fa61dff233decb791a9ab4129  ./inputbreach/badoo.sorted4	896M
2017-11-18: c030f1caac244304b4eda17b2771cb38f5ad4cdd64157d4426c9e230edd2edf3  ./inputbreach/linkedin110M_1	865M
2017-11-18: 6925d41d3d5bcbc796687af3e7f46cbcc6f4192299883770b25ddbedc739013f  ./inputbreach/linkedin110M_2	865M
2017-11-18: ca973734654654999df7315ad5d2c4696d1372ce88dcf47bd955cc07f942637e  ./inputbreach/linkedin110M_3	865M
2017-11-18: 577163f674f8b4e192329dbe3ac2fceff342a72b6a17a5c864824688761c5ace  ./inputbreach/linkedin110M_4	865M
2017-11-19: 484ab8696224a7b5780e107d872f8203c656d81b241ca6aa594027db9e6eb920  ./inputbreach/taobao	409M
2017-11-19: 14423bb83eb099b859756ae1c56eff58497db33bd805a386c08d2ae8fb3a5213  ./inputbreach/xsplit_sorted	91M
2017-11-19: f409e63a064e0dd241a9e8d9228f1538fb3cc443f0f2aeb1e20f2d1f4371d6ba  ./inputbreach/zoosk_sorted1	811M
2017-11-19: 2b767c72a259ccf35596788a1846e1dd586fd66b6bb56a3cafd097d1f520cce0  ./inputbreach/zoosk_sorted2	811M
2017-11-28: 5e8f0bf35e20685552713a9e5a0d7a791e4497d6dea0d91a4e69bf5dba527223  ./inputbreach/17media_sorted	87M
2017-11-28: e74c9c7d93671fad5ee382b50bc900913d65c76484c80cc096d9458044df889d  ./inputbreach/2.6MNulledIoEmailPassCombo	74M
2017-11-28: ad0139905a2f483803f32a2abc0acd7642f892ad3a33f87393bbce317bcf81a9  ./inputbreach/700KEmailPassForPaypal	20M
2017-11-28: 2f814df663d542cd7090f3b8ca04f6202165cf5e1b02bf39be3e4a653b728de7  ./inputbreach/Neopets	1.1G
2017-11-28: dd0f9e53085fc6de479f4cc17c6c68af5b709a2cc05e5451c0aed267b3f66804  ./inputbreach/bleachforumdecryptedemailpass	2.6M
2017-11-29: 916823bbcb33dd795b361ce2328d6d1d1a384df2f6f98356e3dab0d6e3890732  ./inputbreach/lastfm_sorted	1.2G
2017-11-29: 04bc70c0f3d02e1c3bcbb10ab5656716f7d10baee55aa1526759f41bb9cbafc7  ./inputbreach/tianya	779M
